<?xml version="1.0" encoding="UTF-8"?>
<testng-results ignored="0" total="3" passed="3" failed="0" skipped="0">
  <reporter-output>
  </reporter-output>
  <suite started-at="2024-01-17T14:27:32Z" name="Default suite" finished-at="2024-01-17T14:27:42Z" duration-ms="9356">
    <groups>
      <group name="cucumber">
        <method signature="AbstractTestNGCucumberTests.runScenario(io.cucumber.testng.PickleWrapper, io.cucumber.testng.FeatureWrapper)[pri:0, instance:TestRunner.RunnerTest@6a4f1a55]" name="runScenario" class="io.cucumber.testng.AbstractTestNGCucumberTests"/>
      </group> <!-- cucumber -->
    </groups>
    <test started-at="2024-01-17T14:27:32Z" name="Default test" finished-at="2024-01-17T14:27:42Z" duration-ms="9356">
      <class name="TestRunner.RunnerTest">
        <test-method is-config="true" signature="setUpClass(org.testng.ITestContext)[pri:0, instance:TestRunner.RunnerTest@6a4f1a55]" started-at="2024-01-17T14:27:32Z" name="setUpClass" finished-at="2024-01-17T14:27:32Z" duration-ms="166" status="PASS">
          <params>
            <param index="0">
              <value>
                <![CDATA[org.testng.TestRunner@62628e78]]>
              </value>
            </param>
          </params>
          <reporter-output>
          </reporter-output>
        </test-method> <!-- setUpClass -->
        <test-method signature="runScenario(io.cucumber.testng.PickleWrapper, io.cucumber.testng.FeatureWrapper)[pri:0, instance:TestRunner.RunnerTest@6a4f1a55]" started-at="2024-01-17T14:27:32Z" name="runScenario" description="Runs Cucumber Scenarios" data-provider="scenarios" finished-at="2024-01-17T14:27:39Z" duration-ms="7115" status="PASS">
          <params>
            <param index="0">
              <value>
                <![CDATA["validate the Login functionality"]]>
              </value>
            </param>
            <param index="1">
              <value>
                <![CDATA["Test the Sauce Demo application"]]>
              </value>
            </param>
          </params>
          <reporter-output>
          </reporter-output>
        </test-method> <!-- runScenario -->
        <test-method signature="runScenario(io.cucumber.testng.PickleWrapper, io.cucumber.testng.FeatureWrapper)[pri:0, instance:TestRunner.RunnerTest@6a4f1a55]" started-at="2024-01-17T14:27:39Z" name="runScenario" description="Runs Cucumber Scenarios" data-provider="scenarios" finished-at="2024-01-17T14:27:41Z" duration-ms="1578" status="PASS">
          <params>
            <param index="0">
              <value>
                <![CDATA["validate Homepage Title and Url"]]>
              </value>
            </param>
            <param index="1">
              <value>
                <![CDATA["Test the Sauce Demo application"]]>
              </value>
            </param>
          </params>
          <reporter-output>
          </reporter-output>
        </test-method> <!-- runScenario -->
        <test-method signature="runScenario(io.cucumber.testng.PickleWrapper, io.cucumber.testng.FeatureWrapper)[pri:0, instance:TestRunner.RunnerTest@6a4f1a55]" started-at="2024-01-17T14:27:41Z" name="runScenario" description="Runs Cucumber Scenarios" data-provider="scenarios" finished-at="2024-01-17T14:27:42Z" duration-ms="481" status="PASS">
          <params>
            <param index="0">
              <value>
                <![CDATA["validate home page logo"]]>
              </value>
            </param>
            <param index="1">
              <value>
                <![CDATA["Test the Sauce Demo application"]]>
              </value>
            </param>
          </params>
          <reporter-output>
          </reporter-output>
        </test-method> <!-- runScenario -->
        <test-method is-config="true" signature="tearDownClass()[pri:0, instance:TestRunner.RunnerTest@6a4f1a55]" started-at="2024-01-17T14:27:42Z" name="tearDownClass" finished-at="2024-01-17T14:27:42Z" duration-ms="3" status="PASS">
          <reporter-output>
          </reporter-output>
        </test-method> <!-- tearDownClass -->
      </class> <!-- TestRunner.RunnerTest -->
    </test> <!-- Default test -->
  </suite> <!-- Default suite -->
</testng-results>
