<?xml version="1.0" encoding="UTF-8"?>
<testng-results ignored="0" total="4" passed="4" failed="0" skipped="0">
  <reporter-output>
  </reporter-output>
  <suite started-at="2024-01-17T14:42:41Z" name="Default suite" finished-at="2024-01-17T14:42:53Z" duration-ms="12723">
    <groups>
      <group name="cucumber">
        <method signature="AbstractTestNGCucumberTests.runScenario(io.cucumber.testng.PickleWrapper, io.cucumber.testng.FeatureWrapper)[pri:0, instance:TestRunner.RunnerTest@7fb95505]" name="runScenario" class="io.cucumber.testng.AbstractTestNGCucumberTests"/>
      </group> <!-- cucumber -->
    </groups>
    <test started-at="2024-01-17T14:42:41Z" name="Default test" finished-at="2024-01-17T14:42:53Z" duration-ms="12723">
      <class name="TestRunner.RunnerTest">
        <test-method is-config="true" signature="setUpClass(org.testng.ITestContext)[pri:0, instance:TestRunner.RunnerTest@7fb95505]" started-at="2024-01-17T14:42:41Z" name="setUpClass" finished-at="2024-01-17T14:42:41Z" duration-ms="525" status="PASS">
          <params>
            <param index="0">
              <value>
                <![CDATA[org.testng.TestRunner@459b187a]]>
              </value>
            </param>
          </params>
          <reporter-output>
          </reporter-output>
        </test-method> <!-- setUpClass -->
        <test-method signature="runScenario(io.cucumber.testng.PickleWrapper, io.cucumber.testng.FeatureWrapper)[pri:0, instance:TestRunner.RunnerTest@7fb95505]" started-at="2024-01-17T14:42:41Z" name="runScenario" description="Runs Cucumber Scenarios" data-provider="scenarios" finished-at="2024-01-17T14:42:51Z" duration-ms="9974" status="PASS">
          <params>
            <param index="0">
              <value>
                <![CDATA["validate the Login functionality"]]>
              </value>
            </param>
            <param index="1">
              <value>
                <![CDATA["Test the Sauce Demo application"]]>
              </value>
            </param>
          </params>
          <reporter-output>
          </reporter-output>
        </test-method> <!-- runScenario -->
        <test-method signature="runScenario(io.cucumber.testng.PickleWrapper, io.cucumber.testng.FeatureWrapper)[pri:0, instance:TestRunner.RunnerTest@7fb95505]" started-at="2024-01-17T14:42:51Z" name="runScenario" description="Runs Cucumber Scenarios" data-provider="scenarios" finished-at="2024-01-17T14:42:51Z" duration-ms="115" status="PASS">
          <params>
            <param index="0">
              <value>
                <![CDATA["validate Homepage Title and Url"]]>
              </value>
            </param>
            <param index="1">
              <value>
                <![CDATA["Test the Sauce Demo application"]]>
              </value>
            </param>
          </params>
          <reporter-output>
          </reporter-output>
        </test-method> <!-- runScenario -->
        <test-method signature="runScenario(io.cucumber.testng.PickleWrapper, io.cucumber.testng.FeatureWrapper)[pri:0, instance:TestRunner.RunnerTest@7fb95505]" started-at="2024-01-17T14:42:51Z" name="runScenario" description="Runs Cucumber Scenarios" data-provider="scenarios" finished-at="2024-01-17T14:42:52Z" duration-ms="347" status="PASS">
          <params>
            <param index="0">
              <value>
                <![CDATA["validate home page logo"]]>
              </value>
            </param>
            <param index="1">
              <value>
                <![CDATA["Test the Sauce Demo application"]]>
              </value>
            </param>
          </params>
          <reporter-output>
          </reporter-output>
        </test-method> <!-- runScenario -->
        <test-method signature="runScenario(io.cucumber.testng.PickleWrapper, io.cucumber.testng.FeatureWrapper)[pri:0, instance:TestRunner.RunnerTest@7fb95505]" started-at="2024-01-17T14:42:52Z" name="runScenario" description="Runs Cucumber Scenarios" data-provider="scenarios" finished-at="2024-01-17T14:42:53Z" duration-ms="1670" status="PASS">
          <params>
            <param index="0">
              <value>
                <![CDATA["Validate Pim page"]]>
              </value>
            </param>
            <param index="1">
              <value>
                <![CDATA["Test the Sauce Demo application"]]>
              </value>
            </param>
          </params>
          <reporter-output>
          </reporter-output>
        </test-method> <!-- runScenario -->
        <test-method is-config="true" signature="tearDownClass()[pri:0, instance:TestRunner.RunnerTest@7fb95505]" started-at="2024-01-17T14:42:53Z" name="tearDownClass" finished-at="2024-01-17T14:42:53Z" duration-ms="6" status="PASS">
          <reporter-output>
          </reporter-output>
        </test-method> <!-- tearDownClass -->
      </class> <!-- TestRunner.RunnerTest -->
    </test> <!-- Default test -->
  </suite> <!-- Default suite -->
</testng-results>
